2025-03-06 08:50:06,791:WARNING:
'cuml' is a soft dependency and not included in the pycaret installation. Please run: `pip install cuml` to install.
2025-03-06 08:50:06,792:WARNING:
'cuml' is a soft dependency and not included in the pycaret installation. Please run: `pip install cuml` to install.
2025-03-06 08:50:06,792:WARNING:
'cuml' is a soft dependency and not included in the pycaret installation. Please run: `pip install cuml` to install.
2025-03-06 08:50:06,792:WARNING:
'cuml' is a soft dependency and not included in the pycaret installation. Please run: `pip install cuml` to install.
2025-03-06 08:50:07,138:INFO:PyCaret RegressionExperiment
2025-03-06 08:50:07,138:INFO:Logging name: reg-default-name
2025-03-06 08:50:07,138:INFO:ML Usecase: MLUsecase.REGRESSION
2025-03-06 08:50:07,139:INFO:version 3.3.2
2025-03-06 08:50:07,139:INFO:Initializing setup()
2025-03-06 08:50:07,139:INFO:self.USI: 017c
2025-03-06 08:50:07,139:INFO:self._variable_keys: {'X', 'USI', 'logging_param', 'target_param', 'X_train', '_available_plots', 'fold_generator', 'gpu_param', 'transform_target_param', 'memory', '_ml_usecase', 'log_plots_param', 'exp_id', 'fold_shuffle_param', 'idx', 'y_test', 'gpu_n_jobs_param', 'fold_groups_param', 'y_train', 'html_param', 'exp_name_log', 'n_jobs_param', 'data', 'seed', 'y', 'X_test', 'pipeline'}
2025-03-06 08:50:07,139:INFO:Checking environment
2025-03-06 08:50:07,139:INFO:python_version: 3.9.13
2025-03-06 08:50:07,139:INFO:python_build: ('tags/v3.9.13:6de2ca5', 'May 17 2022 16:36:42')
2025-03-06 08:50:07,139:INFO:machine: AMD64
2025-03-06 08:50:07,139:INFO:platform: Windows-10-10.0.26100-SP0
2025-03-06 08:50:07,145:INFO:Memory: svmem(total=17005805568, available=2650116096, percent=84.4, used=14355689472, free=2650116096)
2025-03-06 08:50:07,145:INFO:Physical Core: 4
2025-03-06 08:50:07,145:INFO:Logical Core: 8
2025-03-06 08:50:07,145:INFO:Checking libraries
2025-03-06 08:50:07,145:INFO:System:
2025-03-06 08:50:07,145:INFO:    python: 3.9.13 (tags/v3.9.13:6de2ca5, May 17 2022, 16:36:42) [MSC v.1929 64 bit (AMD64)]
2025-03-06 08:50:07,146:INFO:executable: c:\Work\Data Science\House Prices - Adv Regression\venv\Scripts\python.exe
2025-03-06 08:50:07,146:INFO:   machine: Windows-10-10.0.26100-SP0
2025-03-06 08:50:07,146:INFO:PyCaret required dependencies:
2025-03-06 08:50:07,252:INFO:                 pip: 22.0.4
2025-03-06 08:50:07,252:INFO:          setuptools: 58.1.0
2025-03-06 08:50:07,252:INFO:             pycaret: 3.3.2
2025-03-06 08:50:07,252:INFO:             IPython: 8.18.1
2025-03-06 08:50:07,252:INFO:          ipywidgets: 8.1.5
2025-03-06 08:50:07,252:INFO:                tqdm: 4.67.1
2025-03-06 08:50:07,252:INFO:               numpy: 1.26.4
2025-03-06 08:50:07,252:INFO:              pandas: 2.1.4
2025-03-06 08:50:07,252:INFO:              jinja2: 3.1.6
2025-03-06 08:50:07,252:INFO:               scipy: 1.11.4
2025-03-06 08:50:07,252:INFO:              joblib: 1.3.2
2025-03-06 08:50:07,252:INFO:             sklearn: 1.4.2
2025-03-06 08:50:07,252:INFO:                pyod: 2.0.3
2025-03-06 08:50:07,252:INFO:            imblearn: 0.12.4
2025-03-06 08:50:07,252:INFO:   category_encoders: 2.6.4
2025-03-06 08:50:07,252:INFO:            lightgbm: 4.6.0
2025-03-06 08:50:07,252:INFO:               numba: 0.60.0
2025-03-06 08:50:07,252:INFO:            requests: 2.32.3
2025-03-06 08:50:07,253:INFO:          matplotlib: 3.7.5
2025-03-06 08:50:07,253:INFO:          scikitplot: 0.3.7
2025-03-06 08:50:07,253:INFO:         yellowbrick: 1.5
2025-03-06 08:50:07,253:INFO:              plotly: 5.24.1
2025-03-06 08:50:07,253:INFO:    plotly-resampler: Not installed
2025-03-06 08:50:07,253:INFO:             kaleido: 0.2.1
2025-03-06 08:50:07,253:INFO:           schemdraw: 0.15
2025-03-06 08:50:07,253:INFO:         statsmodels: 0.14.4
2025-03-06 08:50:07,253:INFO:              sktime: 0.26.0
2025-03-06 08:50:07,253:INFO:               tbats: 1.1.3
2025-03-06 08:50:07,253:INFO:            pmdarima: 2.0.4
2025-03-06 08:50:07,253:INFO:              psutil: 7.0.0
2025-03-06 08:50:07,253:INFO:          markupsafe: 3.0.2
2025-03-06 08:50:07,253:INFO:             pickle5: Not installed
2025-03-06 08:50:07,253:INFO:         cloudpickle: 3.1.1
2025-03-06 08:50:07,253:INFO:         deprecation: 2.1.0
2025-03-06 08:50:07,253:INFO:              xxhash: 3.5.0
2025-03-06 08:50:07,253:INFO:           wurlitzer: Not installed
2025-03-06 08:50:07,253:INFO:PyCaret optional dependencies:
2025-03-06 08:50:07,271:INFO:                shap: Not installed
2025-03-06 08:50:07,271:INFO:           interpret: Not installed
2025-03-06 08:50:07,271:INFO:                umap: Not installed
2025-03-06 08:50:07,271:INFO:     ydata_profiling: Not installed
2025-03-06 08:50:07,271:INFO:  explainerdashboard: Not installed
2025-03-06 08:50:07,271:INFO:             autoviz: Not installed
2025-03-06 08:50:07,271:INFO:           fairlearn: Not installed
2025-03-06 08:50:07,271:INFO:          deepchecks: Not installed
2025-03-06 08:50:07,271:INFO:             xgboost: Not installed
2025-03-06 08:50:07,272:INFO:            catboost: Not installed
2025-03-06 08:50:07,272:INFO:              kmodes: Not installed
2025-03-06 08:50:07,272:INFO:             mlxtend: Not installed
2025-03-06 08:50:07,272:INFO:       statsforecast: Not installed
2025-03-06 08:50:07,272:INFO:        tune_sklearn: Not installed
2025-03-06 08:50:07,272:INFO:                 ray: Not installed
2025-03-06 08:50:07,272:INFO:            hyperopt: Not installed
2025-03-06 08:50:07,272:INFO:              optuna: Not installed
2025-03-06 08:50:07,272:INFO:               skopt: Not installed
2025-03-06 08:50:07,272:INFO:              mlflow: Not installed
2025-03-06 08:50:07,272:INFO:              gradio: Not installed
2025-03-06 08:50:07,272:INFO:             fastapi: Not installed
2025-03-06 08:50:07,272:INFO:             uvicorn: Not installed
2025-03-06 08:50:07,272:INFO:              m2cgen: Not installed
2025-03-06 08:50:07,272:INFO:           evidently: Not installed
2025-03-06 08:50:07,272:INFO:               fugue: Not installed
2025-03-06 08:50:07,272:INFO:           streamlit: Not installed
2025-03-06 08:50:07,272:INFO:             prophet: Not installed
2025-03-06 08:50:07,272:INFO:None
2025-03-06 08:50:07,273:INFO:Set up data.
2025-03-06 08:50:07,328:INFO:Set up folding strategy.
2025-03-06 08:50:07,328:INFO:Set up train/test split.
2025-03-06 08:50:07,410:INFO:Set up index.
2025-03-06 08:50:07,412:INFO:Assigning column types.
2025-03-06 08:50:07,421:INFO:Engine successfully changes for model 'lr' to 'sklearn'.
2025-03-06 08:50:07,421:INFO:Engine for model 'lasso' has not been set explicitly, hence returning None.
2025-03-06 08:50:07,427:INFO:Engine for model 'ridge' has not been set explicitly, hence returning None.
2025-03-06 08:50:07,432:INFO:Engine for model 'en' has not been set explicitly, hence returning None.
2025-03-06 08:50:07,522:INFO:Engine for model 'svm' has not been set explicitly, hence returning None.
2025-03-06 08:50:07,579:INFO:Engine for model 'knn' has not been set explicitly, hence returning None.
2025-03-06 08:50:07,579:WARNING:
'xgboost' is a soft dependency and not included in the pycaret installation. Please run: `pip install xgboost` to install.
Alternately, you can install this by running `pip install pycaret[models]`
2025-03-06 08:50:07,579:WARNING:
'catboost' is a soft dependency and not included in the pycaret installation. Please run: `pip install catboost` to install.
Alternately, you can install this by running `pip install pycaret[models]`
2025-03-06 08:50:07,580:INFO:Engine for model 'lasso' has not been set explicitly, hence returning None.
2025-03-06 08:50:07,584:INFO:Engine for model 'ridge' has not been set explicitly, hence returning None.
2025-03-06 08:50:07,590:INFO:Engine for model 'en' has not been set explicitly, hence returning None.
2025-03-06 08:50:07,681:INFO:Engine for model 'svm' has not been set explicitly, hence returning None.
2025-03-06 08:50:07,730:INFO:Engine for model 'knn' has not been set explicitly, hence returning None.
2025-03-06 08:50:07,731:WARNING:
'xgboost' is a soft dependency and not included in the pycaret installation. Please run: `pip install xgboost` to install.
Alternately, you can install this by running `pip install pycaret[models]`
2025-03-06 08:50:07,731:WARNING:
'catboost' is a soft dependency and not included in the pycaret installation. Please run: `pip install catboost` to install.
Alternately, you can install this by running `pip install pycaret[models]`
2025-03-06 08:50:07,731:INFO:Engine successfully changes for model 'lasso' to 'sklearn'.
2025-03-06 08:50:07,736:INFO:Engine for model 'ridge' has not been set explicitly, hence returning None.
2025-03-06 08:50:07,742:INFO:Engine for model 'en' has not been set explicitly, hence returning None.
2025-03-06 08:50:07,829:INFO:Engine for model 'svm' has not been set explicitly, hence returning None.
2025-03-06 08:50:07,888:INFO:Engine for model 'knn' has not been set explicitly, hence returning None.
2025-03-06 08:50:07,891:WARNING:
'xgboost' is a soft dependency and not included in the pycaret installation. Please run: `pip install xgboost` to install.
Alternately, you can install this by running `pip install pycaret[models]`
2025-03-06 08:50:07,891:WARNING:
'catboost' is a soft dependency and not included in the pycaret installation. Please run: `pip install catboost` to install.
Alternately, you can install this by running `pip install pycaret[models]`
2025-03-06 08:50:07,903:INFO:Engine for model 'ridge' has not been set explicitly, hence returning None.
2025-03-06 08:50:07,911:INFO:Engine for model 'en' has not been set explicitly, hence returning None.
2025-03-06 08:50:07,996:INFO:Engine for model 'svm' has not been set explicitly, hence returning None.
2025-03-06 08:50:08,050:INFO:Engine for model 'knn' has not been set explicitly, hence returning None.
2025-03-06 08:50:08,051:WARNING:
'xgboost' is a soft dependency and not included in the pycaret installation. Please run: `pip install xgboost` to install.
Alternately, you can install this by running `pip install pycaret[models]`
2025-03-06 08:50:08,051:WARNING:
'catboost' is a soft dependency and not included in the pycaret installation. Please run: `pip install catboost` to install.
Alternately, you can install this by running `pip install pycaret[models]`
2025-03-06 08:50:08,051:INFO:Engine successfully changes for model 'ridge' to 'sklearn'.
2025-03-06 08:50:08,062:INFO:Engine for model 'en' has not been set explicitly, hence returning None.
2025-03-06 08:50:08,160:INFO:Engine for model 'svm' has not been set explicitly, hence returning None.
2025-03-06 08:50:08,239:INFO:Engine for model 'knn' has not been set explicitly, hence returning None.
2025-03-06 08:50:08,239:WARNING:
'xgboost' is a soft dependency and not included in the pycaret installation. Please run: `pip install xgboost` to install.
Alternately, you can install this by running `pip install pycaret[models]`
2025-03-06 08:50:08,239:WARNING:
'catboost' is a soft dependency and not included in the pycaret installation. Please run: `pip install catboost` to install.
Alternately, you can install this by running `pip install pycaret[models]`
2025-03-06 08:50:08,247:INFO:Engine for model 'en' has not been set explicitly, hence returning None.
2025-03-06 08:50:08,339:INFO:Engine for model 'svm' has not been set explicitly, hence returning None.
2025-03-06 08:50:08,388:INFO:Engine for model 'knn' has not been set explicitly, hence returning None.
2025-03-06 08:50:08,390:WARNING:
'xgboost' is a soft dependency and not included in the pycaret installation. Please run: `pip install xgboost` to install.
Alternately, you can install this by running `pip install pycaret[models]`
2025-03-06 08:50:08,390:WARNING:
'catboost' is a soft dependency and not included in the pycaret installation. Please run: `pip install catboost` to install.
Alternately, you can install this by running `pip install pycaret[models]`
2025-03-06 08:50:08,391:INFO:Engine successfully changes for model 'en' to 'sklearn'.
2025-03-06 08:50:08,529:INFO:Engine for model 'svm' has not been set explicitly, hence returning None.
2025-03-06 08:50:08,615:INFO:Engine for model 'knn' has not been set explicitly, hence returning None.
2025-03-06 08:50:08,615:WARNING:
'xgboost' is a soft dependency and not included in the pycaret installation. Please run: `pip install xgboost` to install.
Alternately, you can install this by running `pip install pycaret[models]`
2025-03-06 08:50:08,616:WARNING:
'catboost' is a soft dependency and not included in the pycaret installation. Please run: `pip install catboost` to install.
Alternately, you can install this by running `pip install pycaret[models]`
2025-03-06 08:50:08,771:INFO:Engine for model 'svm' has not been set explicitly, hence returning None.
2025-03-06 08:50:08,884:INFO:Engine for model 'knn' has not been set explicitly, hence returning None.
2025-03-06 08:50:08,884:WARNING:
'xgboost' is a soft dependency and not included in the pycaret installation. Please run: `pip install xgboost` to install.
Alternately, you can install this by running `pip install pycaret[models]`
2025-03-06 08:50:08,885:WARNING:
'catboost' is a soft dependency and not included in the pycaret installation. Please run: `pip install catboost` to install.
Alternately, you can install this by running `pip install pycaret[models]`
2025-03-06 08:50:08,885:INFO:Engine successfully changes for model 'knn' to 'sklearn'.
2025-03-06 08:50:09,164:INFO:Engine for model 'svm' has not been set explicitly, hence returning None.
2025-03-06 08:50:09,304:WARNING:
'xgboost' is a soft dependency and not included in the pycaret installation. Please run: `pip install xgboost` to install.
Alternately, you can install this by running `pip install pycaret[models]`
2025-03-06 08:50:09,304:WARNING:
'catboost' is a soft dependency and not included in the pycaret installation. Please run: `pip install catboost` to install.
Alternately, you can install this by running `pip install pycaret[models]`
2025-03-06 08:50:09,496:INFO:Engine for model 'svm' has not been set explicitly, hence returning None.
2025-03-06 08:50:09,595:WARNING:
'xgboost' is a soft dependency and not included in the pycaret installation. Please run: `pip install xgboost` to install.
Alternately, you can install this by running `pip install pycaret[models]`
2025-03-06 08:50:09,595:WARNING:
'catboost' is a soft dependency and not included in the pycaret installation. Please run: `pip install catboost` to install.
Alternately, you can install this by running `pip install pycaret[models]`
2025-03-06 08:50:09,595:INFO:Engine successfully changes for model 'svm' to 'sklearn'.
2025-03-06 08:50:09,740:WARNING:
'xgboost' is a soft dependency and not included in the pycaret installation. Please run: `pip install xgboost` to install.
Alternately, you can install this by running `pip install pycaret[models]`
2025-03-06 08:50:09,740:WARNING:
'catboost' is a soft dependency and not included in the pycaret installation. Please run: `pip install catboost` to install.
Alternately, you can install this by running `pip install pycaret[models]`
2025-03-06 08:50:09,894:WARNING:
'xgboost' is a soft dependency and not included in the pycaret installation. Please run: `pip install xgboost` to install.
Alternately, you can install this by running `pip install pycaret[models]`
2025-03-06 08:50:09,894:WARNING:
'catboost' is a soft dependency and not included in the pycaret installation. Please run: `pip install catboost` to install.
Alternately, you can install this by running `pip install pycaret[models]`
2025-03-06 08:50:09,902:INFO:Preparing preprocessing pipeline...
2025-03-06 08:50:09,902:INFO:Set up target transformation.
2025-03-06 08:50:09,902:INFO:Set up simple imputation.
2025-03-06 08:50:09,923:INFO:Set up encoding of ordinal features.
2025-03-06 08:50:09,940:INFO:Set up encoding of categorical features.
2025-03-06 08:50:09,941:INFO:Set up column transformation.
2025-03-06 08:50:09,941:INFO:Set up feature normalization.
